0 info it worked if it ends with ok
1 verbose cli [ '/Users/mikhail/.nvm/versions/node/v8.6.0/bin/node',
1 verbose cli   '/Users/mikhail/.nvm/versions/node/v8.6.0/bin/npm',
1 verbose cli   'run',
1 verbose cli   'build' ]
2 info using npm@3.10.10
3 info using node@v8.6.0
4 verbose run-script [ 'prebuild', 'build', 'postbuild' ]
5 info lifecycle eth2phone-dapp@0.3.5~prebuild: eth2phone-dapp@0.3.5
6 silly lifecycle eth2phone-dapp@0.3.5~prebuild: no script for prebuild, continuing
7 info lifecycle eth2phone-dapp@0.3.5~build: eth2phone-dapp@0.3.5
8 verbose lifecycle eth2phone-dapp@0.3.5~build: unsafe-perm in lifecycle true
9 verbose lifecycle eth2phone-dapp@0.3.5~build: PATH: /Users/mikhail/.nvm/versions/node/v8.6.0/lib/node_modules/npm/bin/node-gyp-bin:/Users/mikhail/Documents/soft/eth2phone/eth2phone-personal/node_modules/.bin:/Users/mikhail/.nvm/versions/node/v8.6.0/bin:/Users/mikhail/.rvm/gems/ruby-2.4.2/bin:/Users/mikhail/.rvm/gems/ruby-2.4.2@global/bin:/Users/mikhail/.rvm/rubies/ruby-2.4.2/bin:/Users/mikhail/mongodb/bin:/Users/mikhail/anaconda3/bin:/Users/mikhail/Applications/apache-maven/bin:/Library/Frameworks/Python.framework/Versions/2.7/bin:/usr/bin:/bin:/usr/sbin:/sbin:/usr/local/bin:/usr/local/opt/android-sdk/build-tools:/usr/local/opt/android-sdk/platform-tools:/usr/local/opt/android-sdk/tools:/Applications/apache-ant-1.8.4/bin:/Library/Java/JavaVirtualMachines/jdk1.8.0_111.jdk/Contents/Home/bin:/usr/local/Cellar/openvpn/2.3.10/sbin:/Users/mikhail/.rvm/bin:/Users/mikhail/.rvm/gems/ruby-2.2.0/bin
10 verbose lifecycle eth2phone-dapp@0.3.5~build: CWD: /Users/mikhail/Documents/soft/eth2phone/eth2phone-personal
11 silly lifecycle eth2phone-dapp@0.3.5~build: Args: [ '-c', 'node scripts/build.js' ]
12 silly lifecycle eth2phone-dapp@0.3.5~build: Returned: code: 1  signal: null
13 info lifecycle eth2phone-dapp@0.3.5~build: Failed to exec build script
14 verbose stack Error: eth2phone-dapp@0.3.5 build: `node scripts/build.js`
14 verbose stack Exit status 1
14 verbose stack     at EventEmitter.<anonymous> (/Users/mikhail/.nvm/versions/node/v8.6.0/lib/node_modules/npm/lib/utils/lifecycle.js:255:16)
14 verbose stack     at emitTwo (events.js:125:13)
14 verbose stack     at EventEmitter.emit (events.js:213:7)
14 verbose stack     at ChildProcess.<anonymous> (/Users/mikhail/.nvm/versions/node/v8.6.0/lib/node_modules/npm/lib/utils/spawn.js:40:14)
14 verbose stack     at emitTwo (events.js:125:13)
14 verbose stack     at ChildProcess.emit (events.js:213:7)
14 verbose stack     at maybeClose (internal/child_process.js:927:16)
14 verbose stack     at Process.ChildProcess._handle.onexit (internal/child_process.js:211:5)
15 verbose pkgid eth2phone-dapp@0.3.5
16 verbose cwd /Users/mikhail/Documents/soft/eth2phone/eth2phone-personal
17 error Darwin 17.4.0
18 error argv "/Users/mikhail/.nvm/versions/node/v8.6.0/bin/node" "/Users/mikhail/.nvm/versions/node/v8.6.0/bin/npm" "run" "build"
19 error node v8.6.0
20 error npm  v3.10.10
21 error code ELIFECYCLE
22 error eth2phone-dapp@0.3.5 build: `node scripts/build.js`
22 error Exit status 1
23 error Failed at the eth2phone-dapp@0.3.5 build script 'node scripts/build.js'.
23 error Make sure you have the latest version of node.js and npm installed.
23 error If you do, this is most likely a problem with the eth2phone-dapp package,
23 error not with npm itself.
23 error Tell the author that this fails on your system:
23 error     node scripts/build.js
23 error You can get information on how to open an issue for this project with:
23 error     npm bugs eth2phone-dapp
23 error Or if that isn't available, you can get their info via:
23 error     npm owner ls eth2phone-dapp
23 error There is likely additional logging output above.
24 verbose exit [ 1, true ]
